Removed Pin From Net: NetName=NetC15_1 Pin=C15-1
Removed Pin From Net: NetName=3.3V Pin=C15-2
Removed Pin From Net: NetName=GND Pin=C19-1
Removed Pin From Net: NetName=NetC19_2 Pin=C19-2
Removed Pin From Net: NetName=NetC20_1 Pin=C20-1
Removed Pin From Net: NetName=3.3V Pin=C20-2
Removed Pin From Net: NetName=GND Pin=C24-1
Removed Pin From Net: NetName=NetC24_2 Pin=C24-2
Removed Pin From Net: NetName=NetC25_1 Pin=C25-1
Removed Pin From Net: NetName=3.3V Pin=C25-2
Removed Pin From Net: NetName=NetC22_2 Pin=U1-1
Removed Pin From Net: NetName=NetC22_1 Pin=U1-2
Removed Pin From Net: NetName=NetC23_1 Pin=U1-24
Removed Pin From Net: NetName=NetC23_2 Pin=U1-28
Removed Pin From Net: NetName=NetC17_2 Pin=U4-1
Removed Pin From Net: NetName=NetC17_1 Pin=U4-2
Removed Pin From Net: NetName=NetC18_1 Pin=U4-24
Removed Pin From Net: NetName=NetC18_2 Pin=U4-28
Added Pin To Net: NetName=3.3V Pin=C15-1
Added Pin To Net: NetName=NetC15_1 Pin=C15-2
Added Pin To Net: NetName=NetC19_2 Pin=C19-1
Added Pin To Net: NetName=GND Pin=C19-2
Added Pin To Net: NetName=3.3V Pin=C20-1
Added Pin To Net: NetName=NetC20_1 Pin=C20-2
Added Pin To Net: NetName=NetC24_2 Pin=C24-1
Added Pin To Net: NetName=GND Pin=C24-2
Added Pin To Net: NetName=3.3V Pin=C25-1
Added Pin To Net: NetName=NetC25_1 Pin=C25-2
Added Pin To Net: NetName=NetC22_1 Pin=U1-1
Added Pin To Net: NetName=NetC22_2 Pin=U1-2
Added Pin To Net: NetName=NetC23_2 Pin=U1-24
Added Pin To Net: NetName=NetC23_1 Pin=U1-28
Added Pin To Net: NetName=NetC17_1 Pin=U4-1
Added Pin To Net: NetName=NetC17_2 Pin=U4-2
Added Pin To Net: NetName=NetC18_2 Pin=U4-24
Added Pin To Net: NetName=NetC18_1 Pin=U4-28
Change Net Name : Old Net Name=NetC15_1 New Net Name=NetC15_2
Change Net Name : Old Net Name=NetC19_2 New Net Name=NetC19_1
Change Net Name : Old Net Name=NetC20_1 New Net Name=NetC20_2
Change Net Name : Old Net Name=NetC24_2 New Net Name=NetC24_1
Change Net Name : Old Net Name=NetC25_1 New Net Name=NetC25_2
