Added Component: Designator=C1(FP-C0603C-CF-MFG)
Added Component: Designator=C2(FP-C0603C-CF-MFG)
Added Component: Designator=C3(FP-C0603C-CF-MFG)
Added Component: Designator=C4(FP-C0603C-CF-MFG)
Added Component: Designator=C5(FP-C0603C-CF-MFG)
Added Component: Designator=C6(FP-C0603C-CF-MFG)
Added Component: Designator=C7(FP-C0603C-CF-MFG)
Added Component: Designator=C8(FP-C0603C-CF-MFG)
Added Component: Designator=C9(FP-C0603C-CF-MFG)
Added Component: Designator=C10(FP-C0603C-CF-MFG)
Added Component: Designator=C11(FP-C0603C-CF-MFG)
Added Component: Designator=C12(FP-C0603C-CF-MFG)
Added Component: Designator=C13(FP-C0603C-CF-MFG)
Added Component: Designator=C14(FP-C0603C-CF-MFG)
Added Component: Designator=C15(FP-C0603C-CF-MFG)
Added Component: Designator=C16(FP-C0603C-CF-MFG)
Added Component: Designator=C17(FP-C0603C-CF-MFG)
Added Component: Designator=C18(FP-C0603C-CF-MFG)
Added Component: Designator=C19(FP-C0603C-CF-MFG)
Added Component: Designator=C20(FP-C0603C-CF-MFG)
Added Component: Designator=C21(FP-C0603C-CF-MFG)
Added Component: Designator=C22(FP-C0603C-CF-MFG)
Added Component: Designator=C23(FP-C0603C-CF-MFG)
Added Component: Designator=C24(RAD-0.3)
Added Component: Designator=C25(FP-C0603C-CF-MFG)
Added Component: Designator=C26(FP-C0603C-CF-MFG)
Added Component: Designator=C27(FP-C0603C-CF-MFG)
Added Component: Designator=C28(FP-C0603C-CF-MFG)
Added Component: Designator=C29(FP-C0603C-CF-MFG)
Added Component: Designator=C30(FP-C0603C-CF-MFG)
Added Component: Designator=C31(FP-C0603C-CF-MFG)
Added Component: Designator=C32(FP-C0603C-CF-MFG)
Added Component: Designator=C33(FP-C0603C-CF-MFG)
Added Component: Designator=C34(FP-C0603C-CF-MFG)
Added Component: Designator=C35(NIC-UCL1V101MNL1GS_L)
Added Component: Designator=C36(NIC-UCL1V101MNL1GS_L)
Added Component: Designator=FB1(FP-BLM15-0_05-IPC_A)
Added Component: Designator=FB2(FP-BLM15-0_05-IPC_A)
Added Component: Designator=J1(DSUB1.385-2H9)
Added Component: Designator=J2(DSUB1.385-2H9)
Added Component: Designator=J3(DSUB1.385-2H9)
Added Component: Designator=J4(DSUB1.385-2H9)
Added Component: Designator=P1(OST_USB-A1HSW6)
Added Component: Designator=R1(RESC2013X50X30LL20T20)
Added Component: Designator=R2(RESC2013X50X30LL20T20)
Added Component: Designator=R3(RESC2013X50X30LL20T20)
Added Component: Designator=R4(RESC2013X50X30LL20T20)
Added Component: Designator=R5(RESC2013X50X30LL20T20)
Added Component: Designator=R6(RESC2013X50X30LL20T20)
Added Component: Designator=U1(TSSOP28_N)
Added Component: Designator=U2(TSSOP28_N)
Added Component: Designator=U3(TSSOP28_N)
Added Component: Designator=U4(TSSOP28_N)
Added Component: Designator=U5(SOT-223_L)
Added Component: Designator=U6(ATML-8S1_B_L)
Added Component: Designator=U7(LQFP-64_N)
Added Component: Designator=Y1(FP-7A-MFG)
Added Pin To Net: NetName=1.8V Pin=C4-1
Added Pin To Net: NetName=1.8V Pin=C5-1
Added Pin To Net: NetName=1.8V Pin=C6-1
Added Pin To Net: NetName=1.8V Pin=C30-1
Added Pin To Net: NetName=1.8V Pin=U7-12
Added Pin To Net: NetName=1.8V Pin=U7-37
Added Pin To Net: NetName=1.8V Pin=U7-49
Added Pin To Net: NetName=1.8V Pin=U7-64
Added Net: Name=1.8V
Added Pin To Net: NetName=3.3V Pin=C1-1
Added Pin To Net: NetName=3.3V Pin=C2-1
Added Pin To Net: NetName=3.3V Pin=C3-1
Added Pin To Net: NetName=3.3V Pin=C10-1
Added Pin To Net: NetName=3.3V Pin=C14-2
Added Pin To Net: NetName=3.3V Pin=C15-2
Added Pin To Net: NetName=3.3V Pin=C16-2
Added Pin To Net: NetName=3.3V Pin=C19-1
Added Pin To Net: NetName=3.3V Pin=C20-2
Added Pin To Net: NetName=3.3V Pin=C24-1
Added Pin To Net: NetName=3.3V Pin=C25-2
Added Pin To Net: NetName=3.3V Pin=C29-1
Added Pin To Net: NetName=3.3V Pin=C32-1
Added Pin To Net: NetName=3.3V Pin=FB1-1
Added Pin To Net: NetName=3.3V Pin=FB2-1
Added Pin To Net: NetName=3.3V Pin=R3-1
Added Pin To Net: NetName=3.3V Pin=R4-2
Added Pin To Net: NetName=3.3V Pin=R5-2
Added Pin To Net: NetName=3.3V Pin=R6-2
Added Pin To Net: NetName=3.3V Pin=U1-26
Added Pin To Net: NetName=3.3V Pin=U2-26
Added Pin To Net: NetName=3.3V Pin=U3-26
Added Pin To Net: NetName=3.3V Pin=U4-26
Added Pin To Net: NetName=3.3V Pin=U5-2
Added Pin To Net: NetName=3.3V Pin=U5-4
Added Pin To Net: NetName=3.3V Pin=U6-6
Added Pin To Net: NetName=3.3V Pin=U6-8
Added Pin To Net: NetName=3.3V Pin=U7-20
Added Pin To Net: NetName=3.3V Pin=U7-31
Added Pin To Net: NetName=3.3V Pin=U7-42
Added Pin To Net: NetName=3.3V Pin=U7-50
Added Pin To Net: NetName=3.3V Pin=U7-56
Added Net: Name=3.3V
Added Pin To Net: NetName=ADBUS0 Pin=U4-14
Added Pin To Net: NetName=ADBUS0 Pin=U7-16
Added Net: Name=ADBUS0
Added Pin To Net: NetName=ADBUS1 Pin=U4-19
Added Pin To Net: NetName=ADBUS1 Pin=U7-17
Added Net: Name=ADBUS1
Added Pin To Net: NetName=ADBUS2 Pin=U4-13
Added Pin To Net: NetName=ADBUS2 Pin=U7-18
Added Net: Name=ADBUS2
Added Pin To Net: NetName=ADBUS3 Pin=U4-18
Added Pin To Net: NetName=ADBUS3 Pin=U7-19
Added Net: Name=ADBUS3
Added Pin To Net: NetName=ADBUS4 Pin=U4-12
Added Pin To Net: NetName=ADBUS4 Pin=U7-21
Added Net: Name=ADBUS4
Added Pin To Net: NetName=ADBUS5 Pin=U4-16
Added Pin To Net: NetName=ADBUS5 Pin=U7-22
Added Net: Name=ADBUS5
Added Pin To Net: NetName=ADBUS6 Pin=U4-17
Added Pin To Net: NetName=ADBUS6 Pin=U7-23
Added Net: Name=ADBUS6
Added Pin To Net: NetName=ADBUS7 Pin=U4-15
Added Pin To Net: NetName=ADBUS7 Pin=U7-24
Added Net: Name=ADBUS7
Added Pin To Net: NetName=BDBUS0 Pin=U2-14
Added Pin To Net: NetName=BDBUS0 Pin=U7-26
Added Net: Name=BDBUS0
Added Pin To Net: NetName=BDBUS1 Pin=U2-19
Added Pin To Net: NetName=BDBUS1 Pin=U7-27
Added Net: Name=BDBUS1
Added Pin To Net: NetName=BDBUS2 Pin=U2-13
Added Pin To Net: NetName=BDBUS2 Pin=U7-28
Added Net: Name=BDBUS2
Added Pin To Net: NetName=BDBUS3 Pin=U2-18
Added Pin To Net: NetName=BDBUS3 Pin=U7-29
Added Net: Name=BDBUS3
Added Pin To Net: NetName=BDBUS4 Pin=U2-12
Added Pin To Net: NetName=BDBUS4 Pin=U7-30
Added Net: Name=BDBUS4
Added Pin To Net: NetName=BDBUS5 Pin=U2-16
Added Pin To Net: NetName=BDBUS5 Pin=U7-32
Added Net: Name=BDBUS5
Added Pin To Net: NetName=BDBUS6 Pin=U2-17
Added Pin To Net: NetName=BDBUS6 Pin=U7-33
Added Net: Name=BDBUS6
Added Pin To Net: NetName=BDBUS7 Pin=U2-15
Added Pin To Net: NetName=BDBUS7 Pin=U7-34
Added Net: Name=BDBUS7
Added Pin To Net: NetName=CDBUS0 Pin=U3-14
Added Pin To Net: NetName=CDBUS0 Pin=U7-38
Added Net: Name=CDBUS0
Added Pin To Net: NetName=CDBUS1 Pin=U3-19
Added Pin To Net: NetName=CDBUS1 Pin=U7-39
Added Net: Name=CDBUS1
Added Pin To Net: NetName=CDBUS2 Pin=U3-13
Added Pin To Net: NetName=CDBUS2 Pin=U7-40
Added Net: Name=CDBUS2
Added Pin To Net: NetName=CDBUS3 Pin=U3-18
Added Pin To Net: NetName=CDBUS3 Pin=U7-41
Added Net: Name=CDBUS3
Added Pin To Net: NetName=CDBUS4 Pin=U3-12
Added Pin To Net: NetName=CDBUS4 Pin=U7-43
Added Net: Name=CDBUS4
Added Pin To Net: NetName=CDBUS5 Pin=U3-16
Added Pin To Net: NetName=CDBUS5 Pin=U7-44
Added Net: Name=CDBUS5
Added Pin To Net: NetName=CDBUS6 Pin=U3-17
Added Pin To Net: NetName=CDBUS6 Pin=U7-45
Added Net: Name=CDBUS6
Added Pin To Net: NetName=CDBUS7 Pin=U3-15
Added Pin To Net: NetName=CDBUS7 Pin=U7-46
Added Net: Name=CDBUS7
Added Pin To Net: NetName=CTS1 Pin=J1-8
Added Pin To Net: NetName=CTS1 Pin=U4-5
Added Net: Name=CTS1
Added Pin To Net: NetName=CTS2 Pin=J2-8
Added Pin To Net: NetName=CTS2 Pin=U2-5
Added Net: Name=CTS2
Added Pin To Net: NetName=CTS3 Pin=J3-8
Added Pin To Net: NetName=CTS3 Pin=U3-5
Added Net: Name=CTS3
Added Pin To Net: NetName=CTS4 Pin=J4-8
Added Pin To Net: NetName=CTS4 Pin=U1-5
Added Net: Name=CTS4
Added Pin To Net: NetName=DCD1 Pin=J1-1
Added Pin To Net: NetName=DCD1 Pin=U4-6
Added Net: Name=DCD1
Added Pin To Net: NetName=DCD2 Pin=J2-1
Added Pin To Net: NetName=DCD2 Pin=U2-6
Added Net: Name=DCD2
Added Pin To Net: NetName=DCD3 Pin=J3-1
Added Pin To Net: NetName=DCD3 Pin=U3-6
Added Net: Name=DCD3
Added Pin To Net: NetName=DCD4 Pin=J4-1
Added Pin To Net: NetName=DCD4 Pin=U1-6
Added Net: Name=DCD4
Added Pin To Net: NetName=DDBUS0 Pin=U1-14
Added Pin To Net: NetName=DDBUS0 Pin=U7-48
Added Net: Name=DDBUS0
Added Pin To Net: NetName=DDBUS1 Pin=U1-19
Added Pin To Net: NetName=DDBUS1 Pin=U7-52
Added Net: Name=DDBUS1
Added Pin To Net: NetName=DDBUS2 Pin=U1-13
Added Pin To Net: NetName=DDBUS2 Pin=U7-53
Added Net: Name=DDBUS2
Added Pin To Net: NetName=DDBUS3 Pin=U1-18
Added Pin To Net: NetName=DDBUS3 Pin=U7-54
Added Net: Name=DDBUS3
Added Pin To Net: NetName=DDBUS4 Pin=U1-12
Added Pin To Net: NetName=DDBUS4 Pin=U7-55
Added Net: Name=DDBUS4
Added Pin To Net: NetName=DDBUS5 Pin=U1-16
Added Pin To Net: NetName=DDBUS5 Pin=U7-57
Added Net: Name=DDBUS5
Added Pin To Net: NetName=DDBUS6 Pin=U1-17
Added Pin To Net: NetName=DDBUS6 Pin=U7-58
Added Net: Name=DDBUS6
Added Pin To Net: NetName=DDBUS7 Pin=U1-15
Added Pin To Net: NetName=DDBUS7 Pin=U7-59
Added Net: Name=DDBUS7
Added Pin To Net: NetName=DSR1 Pin=J1-6
Added Pin To Net: NetName=DSR1 Pin=U4-7
Added Net: Name=DSR1
Added Pin To Net: NetName=DSR2 Pin=J2-6
Added Pin To Net: NetName=DSR2 Pin=U2-7
Added Net: Name=DSR2
Added Pin To Net: NetName=DSR3 Pin=J3-6
Added Pin To Net: NetName=DSR3 Pin=U3-7
Added Net: Name=DSR3
Added Pin To Net: NetName=DSR4 Pin=J4-6
Added Pin To Net: NetName=DSR4 Pin=U1-7
Added Net: Name=DSR4
Added Pin To Net: NetName=DTR1 Pin=J1-4
Added Pin To Net: NetName=DTR1 Pin=U4-11
Added Net: Name=DTR1
Added Pin To Net: NetName=DTR2 Pin=J2-4
Added Pin To Net: NetName=DTR2 Pin=U2-11
Added Net: Name=DTR2
Added Pin To Net: NetName=DTR3 Pin=J3-4
Added Pin To Net: NetName=DTR3 Pin=U3-11
Added Net: Name=DTR3
Added Pin To Net: NetName=DTR4 Pin=J4-4
Added Pin To Net: NetName=DTR4 Pin=U1-11
Added Net: Name=DTR4
Added Pin To Net: NetName=GND Pin=C1-2
Added Pin To Net: NetName=GND Pin=C2-2
Added Pin To Net: NetName=GND Pin=C3-2
Added Pin To Net: NetName=GND Pin=C4-2
Added Pin To Net: NetName=GND Pin=C5-2
Added Pin To Net: NetName=GND Pin=C6-2
Added Pin To Net: NetName=GND Pin=C9-2
Added Pin To Net: NetName=GND Pin=C11-2
Added Pin To Net: NetName=GND Pin=C14-1
Added Pin To Net: NetName=GND Pin=C16-1
Added Pin To Net: NetName=GND Pin=C19-2
Added Pin To Net: NetName=GND Pin=C21-1
Added Pin To Net: NetName=GND Pin=C24-2
Added Pin To Net: NetName=GND Pin=C26-1
Added Pin To Net: NetName=GND Pin=C27-2
Added Pin To Net: NetName=GND Pin=C28-2
Added Pin To Net: NetName=GND Pin=C29-2
Added Pin To Net: NetName=GND Pin=C30-2
Added Pin To Net: NetName=GND Pin=C31-2
Added Pin To Net: NetName=GND Pin=C32-2
Added Pin To Net: NetName=GND Pin=C33-2
Added Pin To Net: NetName=GND Pin=C34-2
Added Pin To Net: NetName=GND Pin=C35-2
Added Pin To Net: NetName=GND Pin=C36-2
Added Pin To Net: NetName=GND Pin=J1-5
Added Pin To Net: NetName=GND Pin=J2-5
Added Pin To Net: NetName=GND Pin=J3-5
Added Pin To Net: NetName=GND Pin=J4-5
Added Pin To Net: NetName=GND Pin=P1-4
Added Pin To Net: NetName=GND Pin=R1-1
Added Pin To Net: NetName=GND Pin=U1-25
Added Pin To Net: NetName=GND Pin=U2-25
Added Pin To Net: NetName=GND Pin=U3-25
Added Pin To Net: NetName=GND Pin=U4-25
Added Pin To Net: NetName=GND Pin=U5-1
Added Pin To Net: NetName=GND Pin=U6-5
Added Pin To Net: NetName=GND Pin=U6-7
Added Pin To Net: NetName=GND Pin=U7-1
Added Pin To Net: NetName=GND Pin=U7-5
Added Pin To Net: NetName=GND Pin=U7-10
Added Pin To Net: NetName=GND Pin=U7-11
Added Pin To Net: NetName=GND Pin=U7-13
Added Pin To Net: NetName=GND Pin=U7-15
Added Pin To Net: NetName=GND Pin=U7-25
Added Pin To Net: NetName=GND Pin=U7-35
Added Pin To Net: NetName=GND Pin=U7-47
Added Pin To Net: NetName=GND Pin=U7-51
Added Net: Name=GND
Added Pin To Net: NetName=NetC7_1 Pin=C7-1
Added Pin To Net: NetName=NetC7_1 Pin=U3-1
Added Net: Name=NetC7_1
Added Pin To Net: NetName=NetC7_2 Pin=C7-2
Added Pin To Net: NetName=NetC7_2 Pin=U3-2
Added Net: Name=NetC7_2
Added Pin To Net: NetName=NetC8_1 Pin=C8-1
Added Pin To Net: NetName=NetC8_1 Pin=U3-28
Added Net: Name=NetC8_1
Added Pin To Net: NetName=NetC8_2 Pin=C8-2
Added Pin To Net: NetName=NetC8_2 Pin=U3-24
Added Net: Name=NetC8_2
Added Pin To Net: NetName=NetC9_1 Pin=C9-1
Added Pin To Net: NetName=NetC9_1 Pin=U3-3
Added Net: Name=NetC9_1
Added Pin To Net: NetName=NetC10_2 Pin=C10-2
Added Pin To Net: NetName=NetC10_2 Pin=U3-27
Added Net: Name=NetC10_2
Added Pin To Net: NetName=NetC11_1 Pin=C11-1
Added Pin To Net: NetName=NetC11_1 Pin=U2-3
Added Net: Name=NetC11_1
Added Pin To Net: NetName=NetC12_1 Pin=C12-1
Added Pin To Net: NetName=NetC12_1 Pin=U2-1
Added Net: Name=NetC12_1
Added Pin To Net: NetName=NetC12_2 Pin=C12-2
Added Pin To Net: NetName=NetC12_2 Pin=U2-2
Added Net: Name=NetC12_2
Added Pin To Net: NetName=NetC13_1 Pin=C13-1
Added Pin To Net: NetName=NetC13_1 Pin=U2-28
Added Net: Name=NetC13_1
Added Pin To Net: NetName=NetC13_2 Pin=C13-2
Added Pin To Net: NetName=NetC13_2 Pin=U2-24
Added Net: Name=NetC13_2
Added Pin To Net: NetName=NetC15_1 Pin=C15-1
Added Pin To Net: NetName=NetC15_1 Pin=U2-27
Added Net: Name=NetC15_1
Added Pin To Net: NetName=NetC17_1 Pin=C17-1
Added Pin To Net: NetName=NetC17_1 Pin=U4-2
Added Net: Name=NetC17_1
Added Pin To Net: NetName=NetC17_2 Pin=C17-2
Added Pin To Net: NetName=NetC17_2 Pin=U4-1
Added Net: Name=NetC17_2
Added Pin To Net: NetName=NetC18_1 Pin=C18-1
Added Pin To Net: NetName=NetC18_1 Pin=U4-24
Added Net: Name=NetC18_1
Added Pin To Net: NetName=NetC18_2 Pin=C18-2
Added Pin To Net: NetName=NetC18_2 Pin=U4-28
Added Net: Name=NetC18_2
Added Pin To Net: NetName=NetC20_1 Pin=C20-1
Added Pin To Net: NetName=NetC20_1 Pin=U4-27
Added Net: Name=NetC20_1
Added Pin To Net: NetName=NetC21_2 Pin=C21-2
Added Pin To Net: NetName=NetC21_2 Pin=U4-3
Added Net: Name=NetC21_2
Added Pin To Net: NetName=NetC22_1 Pin=C22-1
Added Pin To Net: NetName=NetC22_1 Pin=U1-24
Added Net: Name=NetC22_1
Added Pin To Net: NetName=NetC22_2 Pin=C22-2
Added Pin To Net: NetName=NetC22_2 Pin=U1-28
Added Net: Name=NetC22_2
Added Pin To Net: NetName=NetC23_1 Pin=C23-1
Added Pin To Net: NetName=NetC23_1 Pin=U1-2
Added Net: Name=NetC23_1
Added Pin To Net: NetName=NetC23_2 Pin=C23-2
Added Pin To Net: NetName=NetC23_2 Pin=U1-1
Added Net: Name=NetC23_2
Added Pin To Net: NetName=NetC25_1 Pin=C25-1
Added Pin To Net: NetName=NetC25_1 Pin=U1-27
Added Net: Name=NetC25_1
Added Pin To Net: NetName=NetC26_2 Pin=C26-2
Added Pin To Net: NetName=NetC26_2 Pin=U1-3
Added Net: Name=NetC26_2
Added Pin To Net: NetName=NetC27_1 Pin=C27-1
Added Pin To Net: NetName=NetC27_1 Pin=U7-2
Added Pin To Net: NetName=NetC27_1 Pin=Y1-1
Added Net: Name=NetC27_1
Added Pin To Net: NetName=NetC28_1 Pin=C28-1
Added Pin To Net: NetName=NetC28_1 Pin=U7-3
Added Pin To Net: NetName=NetC28_1 Pin=Y1-2
Added Net: Name=NetC28_1
Added Pin To Net: NetName=NetC33_1 Pin=C33-1
Added Pin To Net: NetName=NetC33_1 Pin=C36-1
Added Pin To Net: NetName=NetC33_1 Pin=FB1-2
Added Pin To Net: NetName=NetC33_1 Pin=U7-9
Added Net: Name=NetC33_1
Added Pin To Net: NetName=NetC34_1 Pin=C34-1
Added Pin To Net: NetName=NetC34_1 Pin=C35-1
Added Pin To Net: NetName=NetC34_1 Pin=FB2-2
Added Pin To Net: NetName=NetC34_1 Pin=U7-4
Added Net: Name=NetC34_1
Added Pin To Net: NetName=NetP1_2 Pin=P1-2
Added Pin To Net: NetName=NetP1_2 Pin=U7-7
Added Net: Name=NetP1_2
Added Pin To Net: NetName=NetP1_3 Pin=P1-3
Added Pin To Net: NetName=NetP1_3 Pin=U7-8
Added Net: Name=NetP1_3
Added Pin To Net: NetName=NetR1_2 Pin=R1-2
Added Pin To Net: NetName=NetR1_2 Pin=U7-6
Added Net: Name=NetR1_2
Added Pin To Net: NetName=NetR2_1 Pin=R2-1
Added Pin To Net: NetName=NetR2_1 Pin=R4-1
Added Pin To Net: NetName=NetR2_1 Pin=U6-3
Added Pin To Net: NetName=NetR2_1 Pin=U7-61
Added Net: Name=NetR2_1
Added Pin To Net: NetName=NetR2_2 Pin=R2-2
Added Pin To Net: NetName=NetR2_2 Pin=R6-1
Added Pin To Net: NetName=NetR2_2 Pin=U6-1
Added Pin To Net: NetName=NetR2_2 Pin=U6-4
Added Pin To Net: NetName=NetR2_2 Pin=U7-63
Added Net: Name=NetR2_2
Added Pin To Net: NetName=NetR3_2 Pin=R3-2
Added Pin To Net: NetName=NetR3_2 Pin=U7-14
Added Net: Name=NetR3_2
Added Pin To Net: NetName=NetR5_1 Pin=R5-1
Added Pin To Net: NetName=NetR5_1 Pin=U6-2
Added Pin To Net: NetName=NetR5_1 Pin=U7-62
Added Net: Name=NetR5_1
Added Pin To Net: NetName=PWREN Pin=U1-23
Added Pin To Net: NetName=PWREN Pin=U2-23
Added Pin To Net: NetName=PWREN Pin=U3-23
Added Pin To Net: NetName=PWREN Pin=U4-23
Added Pin To Net: NetName=PWREN Pin=U7-60
Added Net: Name=PWREN
Added Pin To Net: NetName=RI1 Pin=J1-9
Added Pin To Net: NetName=RI1 Pin=U4-8
Added Net: Name=RI1
Added Pin To Net: NetName=RI2 Pin=J2-9
Added Pin To Net: NetName=RI2 Pin=U2-8
Added Net: Name=RI2
Added Pin To Net: NetName=RI3 Pin=J3-9
Added Pin To Net: NetName=RI3 Pin=U3-8
Added Net: Name=RI3
Added Pin To Net: NetName=RI4 Pin=J4-9
Added Pin To Net: NetName=RI4 Pin=U1-8
Added Net: Name=RI4
Added Pin To Net: NetName=RTS1 Pin=J1-7
Added Pin To Net: NetName=RTS1 Pin=U4-10
Added Net: Name=RTS1
Added Pin To Net: NetName=RTS2 Pin=J2-7
Added Pin To Net: NetName=RTS2 Pin=U2-10
Added Net: Name=RTS2
Added Pin To Net: NetName=RTS3 Pin=J3-7
Added Pin To Net: NetName=RTS3 Pin=U3-10
Added Net: Name=RTS3
Added Pin To Net: NetName=RTS4 Pin=J4-7
Added Pin To Net: NetName=RTS4 Pin=U1-10
Added Net: Name=RTS4
Added Pin To Net: NetName=RXD1 Pin=J1-2
Added Pin To Net: NetName=RXD1 Pin=U4-4
Added Net: Name=RXD1
Added Pin To Net: NetName=RXD2 Pin=J2-2
Added Pin To Net: NetName=RXD2 Pin=U2-4
Added Net: Name=RXD2
Added Pin To Net: NetName=RXD3 Pin=J3-2
Added Pin To Net: NetName=RXD3 Pin=U3-4
Added Net: Name=RXD3
Added Pin To Net: NetName=RXD4 Pin=J4-2
Added Pin To Net: NetName=RXD4 Pin=U1-4
Added Net: Name=RXD4
Added Pin To Net: NetName=SHIELD Pin=J1-10
Added Pin To Net: NetName=SHIELD Pin=J2-10
Added Pin To Net: NetName=SHIELD Pin=J3-10
Added Pin To Net: NetName=SHIELD Pin=J4-10
Added Net: Name=SHIELD
Added Pin To Net: NetName=SUSPEND Pin=U1-22
Added Pin To Net: NetName=SUSPEND Pin=U2-22
Added Pin To Net: NetName=SUSPEND Pin=U3-22
Added Pin To Net: NetName=SUSPEND Pin=U4-22
Added Pin To Net: NetName=SUSPEND Pin=U7-36
Added Net: Name=SUSPEND
Added Pin To Net: NetName=TXD1 Pin=J1-3
Added Pin To Net: NetName=TXD1 Pin=U4-9
Added Net: Name=TXD1
Added Pin To Net: NetName=TXD2 Pin=J2-3
Added Pin To Net: NetName=TXD2 Pin=U2-9
Added Net: Name=TXD2
Added Pin To Net: NetName=TXD3 Pin=J3-3
Added Pin To Net: NetName=TXD3 Pin=U3-9
Added Net: Name=TXD3
Added Pin To Net: NetName=TXD4 Pin=J4-3
Added Pin To Net: NetName=TXD4 Pin=U1-9
Added Net: Name=TXD4
Added Pin To Net: NetName=VCC Pin=C31-1
Added Pin To Net: NetName=VCC Pin=P1-1
Added Pin To Net: NetName=VCC Pin=U5-3
Added Net: Name=VCC
Added Class: Name=Konwerter_USB_RS232_4porty
Added Room: Name=Konwerter_USB_RS232_4porty
